<?xml version="1.0" encoding="UTF-8"?>
<coverage generated="1594838412713" clover="3.2.0">
  <project timestamp="1594838412713" name="All files">
    <metrics statements="22" coveredstatements="22" conditionals="2" coveredconditionals="2" methods="8" coveredmethods="8" elements="32" coveredelements="32" complexity="0" loc="22" ncloc="22" packages="2" files="3" classes="3"/>
    <package name="33.2">
      <metrics statements="2" coveredstatements="2" conditionals="0" coveredconditionals="0" methods="1" coveredmethods="1"/>
      <file name="mock.js" path="C:\Users\Imperiums\Desktop\Trybe\exercícios\dougfunny1983.github.io\exercises\33.2\mock.js">
        <metrics statements="2" coveredstatements="2" conditionals="0" coveredconditionals="0" methods="1" coveredmethods="1"/>
        <line num="1" count="3" type="stmt"/>
        <line num="3" count="1" type="stmt"/>
      </file>
    </package>
    <package name="33.2.api">
      <metrics statements="20" coveredstatements="20" conditionals="2" coveredconditionals="2" methods="7" coveredmethods="7"/>
      <file name="app.js" path="C:\Users\Imperiums\Desktop\Trybe\exercícios\dougfunny1983.github.io\exercises\33.2\api\app.js">
        <metrics statements="15" coveredstatements="15" conditionals="2" coveredconditionals="2" methods="3" coveredmethods="3"/>
        <line num="1" count="1" type="stmt"/>
        <line num="2" count="1" type="stmt"/>
        <line num="4" count="1" type="stmt"/>
        <line num="6" count="1" type="stmt"/>
        <line num="8" count="1" type="stmt"/>
        <line num="10" count="1" type="stmt"/>
        <line num="12" count="1" type="stmt"/>
        <line num="13" count="2" type="stmt"/>
        <line num="14" count="2" type="cond" truecount="2" falsecount="0"/>
        <line num="15" count="1" type="stmt"/>
        <line num="17" count="1" type="stmt"/>
        <line num="20" count="1" type="stmt"/>
        <line num="21" count="1" type="stmt"/>
        <line num="22" count="1" type="stmt"/>
        <line num="25" count="1" type="stmt"/>
      </file>
      <file name="router.js" path="C:\Users\Imperiums\Desktop\Trybe\exercícios\dougfunny1983.github.io\exercises\33.2\api\router.js">
        <metrics statements="5" coveredstatements="5" conditionals="0" coveredconditionals="0" methods="4" coveredmethods="4"/>
        <line num="22" count="1" type="stmt"/>
        <line num="23" count="1" type="stmt"/>
        <line num="24" count="1" type="stmt"/>
        <line num="25" count="1" type="stmt"/>
        <line num="28" count="1" type="stmt"/>
      </file>
    </package>
  </project>
</coverage>
