{"C:\\Users\\Imperiums\\Desktop\\Trybe\\exercícios\\dougfunny1983.github.io\\exercises\\33.2\\mock.js": {"path":"C:\\Users\\Imperiums\\Desktop\\Trybe\\exercícios\\dougfunny1983.github.io\\exercises\\33.2\\mock.js","statementMap":{"0":{"start":{"line":1,"column":20},"end":{"line":1,"column":56}},"1":{"start":{"line":1,"column":39},"end":{"line":1,"column":55}},"2":{"start":{"line":3,"column":0},"end":{"line":3,"column":29}}},"fnMap":{"0":{"name":"(anonymous_0)","decl":{"start":{"line":1,"column":20},"end":{"line":1,"column":21}},"loc":{"start":{"line":1,"column":39},"end":{"line":1,"column":55}},"line":1}},"branchMap":{},"s":{"0":1,"1":3,"2":1},"f":{"0":3},"b":{},"_coverageSchema":"1a1c01bbd47fc00a2c39e90264f33305004495a9","hash":"03aaf0e1ab3b02990da71440d455e184083c6cfb"}
,"C:\\Users\\Imperiums\\Desktop\\Trybe\\exercícios\\dougfunny1983.github.io\\exercises\\33.2\\api\\app.js": {"path":"C:\\Users\\Imperiums\\Desktop\\Trybe\\exercícios\\dougfunny1983.github.io\\exercises\\33.2\\api\\app.js","statementMap":{"0":{"start":{"line":1,"column":16},"end":{"line":1,"column":34}},"1":{"start":{"line":2,"column":13},"end":{"line":2,"column":28}},"2":{"start":{"line":4,"column":12},"end":{"line":4,"column":21}},"3":{"start":{"line":6,"column":0},"end":{"line":6,"column":16}},"4":{"start":{"line":8,"column":0},"end":{"line":8,"column":24}},"5":{"start":{"line":10,"column":0},"end":{"line":10,"column":79}},"6":{"start":{"line":10,"column":28},"end":{"line":10,"column":77}},"7":{"start":{"line":12,"column":19},"end":{"line":18,"column":1}},"8":{"start":{"line":13,"column":20},"end":{"line":13,"column":28}},"9":{"start":{"line":14,"column":2},"end":{"line":16,"column":3}},"10":{"start":{"line":15,"column":4},"end":{"line":15,"column":54}},"11":{"start":{"line":17,"column":2},"end":{"line":17,"column":9}},"12":{"start":{"line":20,"column":0},"end":{"line":23,"column":3}},"13":{"start":{"line":21,"column":27},"end":{"line":21,"column":35}},"14":{"start":{"line":22,"column":2},"end":{"line":22,"column":48}},"15":{"start":{"line":25,"column":0},"end":{"line":25,"column":21}}},"fnMap":{"0":{"name":"(anonymous_0)","decl":{"start":{"line":10,"column":13},"end":{"line":10,"column":14}},"loc":{"start":{"line":10,"column":28},"end":{"line":10,"column":77}},"line":10},"1":{"name":"(anonymous_1)","decl":{"start":{"line":12,"column":19},"end":{"line":12,"column":20}},"loc":{"start":{"line":12,"column":39},"end":{"line":18,"column":1}},"line":12},"2":{"name":"(anonymous_2)","decl":{"start":{"line":20,"column":31},"end":{"line":20,"column":32}},"loc":{"start":{"line":20,"column":45},"end":{"line":23,"column":1}},"line":20}},"branchMap":{"0":{"loc":{"start":{"line":14,"column":2},"end":{"line":16,"column":3}},"type":"if","locations":[{"start":{"line":14,"column":2},"end":{"line":16,"column":3}},{"start":{"line":14,"column":2},"end":{"line":16,"column":3}}],"line":14}},"s":{"0":1,"1":1,"2":1,"3":1,"4":1,"5":1,"6":1,"7":1,"8":2,"9":2,"10":1,"11":1,"12":1,"13":1,"14":1,"15":1},"f":{"0":1,"1":2,"2":1},"b":{"0":[1,1]},"_coverageSchema":"1a1c01bbd47fc00a2c39e90264f33305004495a9","hash":"b5dc70bc698d49a27c2b64a4a2cf2b6307f1044c"}
,"C:\\Users\\Imperiums\\Desktop\\Trybe\\exercícios\\dougfunny1983.github.io\\exercises\\33.2\\api\\router.js": {"path":"C:\\Users\\Imperiums\\Desktop\\Trybe\\exercícios\\dougfunny1983.github.io\\exercises\\33.2\\api\\router.js","statementMap":{"0":{"start":{"line":22,"column":12},"end":{"line":26,"column":2}},"1":{"start":{"line":22,"column":19},"end":{"line":26,"column":1}},"2":{"start":{"line":23,"column":17},"end":{"line":23,"column":30}},"3":{"start":{"line":24,"column":17},"end":{"line":24,"column":22}},"4":{"start":{"line":25,"column":18},"end":{"line":25,"column":23}},"5":{"start":{"line":28,"column":0},"end":{"line":28,"column":21}}},"fnMap":{"0":{"name":"(anonymous_0)","decl":{"start":{"line":22,"column":12},"end":{"line":22,"column":13}},"loc":{"start":{"line":22,"column":19},"end":{"line":26,"column":1}},"line":22},"1":{"name":"(anonymous_1)","decl":{"start":{"line":23,"column":7},"end":{"line":23,"column":8}},"loc":{"start":{"line":23,"column":17},"end":{"line":23,"column":30}},"line":23},"2":{"name":"(anonymous_2)","decl":{"start":{"line":24,"column":7},"end":{"line":24,"column":8}},"loc":{"start":{"line":24,"column":17},"end":{"line":24,"column":22}},"line":24},"3":{"name":"(anonymous_3)","decl":{"start":{"line":25,"column":8},"end":{"line":25,"column":9}},"loc":{"start":{"line":25,"column":18},"end":{"line":25,"column":23}},"line":25}},"branchMap":{},"s":{"0":1,"1":1,"2":1,"3":1,"4":1,"5":1},"f":{"0":1,"1":1,"2":1,"3":1},"b":{},"_coverageSchema":"1a1c01bbd47fc00a2c39e90264f33305004495a9","hash":"6af4fbf7985d9e14062387eb12103d881af0a836"}
}
